<?xml version="1.0" encoding="UTF-8"?>
<!-- Generated by org.testng.reporters.JUnitXMLReporter -->
<testsuite ignored="1" hostname="DESKTOP-DLIOLHK" failures="0" tests="1" name="Default test" time="0.131" errors="0" timestamp="2022-08-10T16:07:03 IST">
  <testcase classname="Rohanfirstmavenproj.SeleniumTest" name="elementsUi" time="0.022"/>
  <testcase classname="Rohanfirstmavenproj.SeleniumTest" name="BrowswerAutomation" time="0.0">
    <ignored/>
  </testcase> <!-- BrowswerAutomation -->
</testsuite> <!-- Default test -->
