<?xml version="1.0" encoding="UTF-8"?>
<!-- Generated by org.testng.reporters.JUnitXMLReporter -->
<testsuite ignored="0" hostname="DESKTOP-DLIOLHK" failures="0" tests="4" name="Test" time="0.074" errors="0" timestamp="2022-08-14T16:40:40 IST">
  <testcase classname="Rohanfirstmavenproj.RestAPITest" name="deleteTwitter" time="0.008"/>
  <testcase classname="Rohanfirstmavenproj.RestAPITest" name="postJira" time="0.001"/>
  <testcase classname="Rohanfirstmavenproj.AppiumTest" name="IOSApps" time="0.001"/>
  <testcase classname="Rohanfirstmavenproj.AppiumTest" name="NativeAppAndroid" time="0.001"/>
</testsuite> <!-- Test -->
