<?xml version="1.0" encoding="UTF-8"?>
<testng-results ignored="0" total="4" passed="4" failed="0" skipped="0">
  <reporter-output>
  </reporter-output>
  <suite started-at="2022-08-14T16:40:40 IST" name="Suite" finished-at="2022-08-14T16:40:40 IST" duration-ms="74">
    <groups>
    </groups>
    <test started-at="2022-08-14T16:40:40 IST" name="Test" finished-at="2022-08-14T16:40:40 IST" duration-ms="74">
      <class name="Rohanfirstmavenproj.RestAPITest">
        <test-method signature="deleteTwitter()[pri:0, instance:Rohanfirstmavenproj.RestAPITest@550dbc7a]" started-at="2022-08-14T16:40:40 IST" name="deleteTwitter" finished-at="2022-08-14T16:40:40 IST" duration-ms="8" status="PASS">
          <reporter-output>
          </reporter-output>
        </test-method> <!-- deleteTwitter -->
        <test-method signature="postJira()[pri:0, instance:Rohanfirstmavenproj.RestAPITest@550dbc7a]" started-at="2022-08-14T16:40:40 IST" name="postJira" finished-at="2022-08-14T16:40:40 IST" duration-ms="1" status="PASS">
          <reporter-output>
          </reporter-output>
        </test-method> <!-- postJira -->
      </class> <!-- Rohanfirstmavenproj.RestAPITest -->
      <class name="Rohanfirstmavenproj.AppiumTest">
        <test-method signature="IOSApps()[pri:0, instance:Rohanfirstmavenproj.AppiumTest@27f981c6]" started-at="2022-08-14T16:40:40 IST" name="IOSApps" finished-at="2022-08-14T16:40:40 IST" duration-ms="1" status="PASS">
          <reporter-output>
          </reporter-output>
        </test-method> <!-- IOSApps -->
        <test-method signature="NativeAppAndroid()[pri:0, instance:Rohanfirstmavenproj.AppiumTest@27f981c6]" started-at="2022-08-14T16:40:40 IST" name="NativeAppAndroid" finished-at="2022-08-14T16:40:40 IST" duration-ms="1" status="PASS">
          <reporter-output>
          </reporter-output>
        </test-method> <!-- NativeAppAndroid -->
      </class> <!-- Rohanfirstmavenproj.AppiumTest -->
    </test> <!-- Test -->
  </suite> <!-- Suite -->
</testng-results>
