<?xml version="1.0" encoding="UTF-8"?>
<testng-results ignored="1" total="2" passed="1" failed="0" skipped="0">
  <reporter-output>
  </reporter-output>
  <suite started-at="2022-08-10T16:07:02 IST" name="Default suite" finished-at="2022-08-10T16:07:02 IST" duration-ms="131">
    <groups>
    </groups>
    <test started-at="2022-08-10T16:07:02 IST" name="Default test" finished-at="2022-08-10T16:07:02 IST" duration-ms="131">
      <class name="Rohanfirstmavenproj.SeleniumTest">
        <test-method signature="elementsUi()[pri:0, instance:Rohanfirstmavenproj.SeleniumTest@506ae4d4]" started-at="2022-08-10T16:07:02 IST" name="elementsUi" finished-at="2022-08-10T16:07:02 IST" duration-ms="22" status="PASS">
          <reporter-output>
          </reporter-output>
        </test-method> <!-- elementsUi -->
      </class> <!-- Rohanfirstmavenproj.SeleniumTest -->
    </test> <!-- Default test -->
  </suite> <!-- Default suite -->
</testng-results>
